{"/home/ig3xlab/Área de Trabalho/folders/me/plantmanager/src/components/Button.tsx": {"path":"/home/ig3xlab/Área de Trabalho/folders/me/plantmanager/src/components/Button.tsx","statementMap":{"0":{"start":{"line":10,"column":22},"end":{"line":18,"column":1}},"1":{"start":{"line":11,"column":2},"end":{"line":17,"column":3}},"2":{"start":{"line":20,"column":15},"end":{"line":33,"column":2}}},"fnMap":{"0":{"name":"(anonymous_0)","decl":{"start":{"line":10,"column":22},"end":{"line":10,"column":23}},"loc":{"start":{"line":10,"column":61},"end":{"line":18,"column":1}},"line":10}},"branchMap":{"0":{"loc":{"start":{"line":12,"column":48},"end":{"line":12,"column":97}},"type":"binary-expr","locations":[{"start":{"line":12,"column":48},"end":{"line":12,"column":56}},{"start":{"line":12,"column":60},"end":{"line":12,"column":97}}],"line":12}},"s":{"0":0,"1":0,"2":0},"f":{"0":0},"b":{"0":[0,0]}}
,"/home/ig3xlab/Área de Trabalho/folders/me/plantmanager/src/components/EnvironmentButton.tsx": {"path":"/home/ig3xlab/Área de Trabalho/folders/me/plantmanager/src/components/EnvironmentButton.tsx","statementMap":{"0":{"start":{"line":11,"column":33},"end":{"line":19,"column":1}},"1":{"start":{"line":12,"column":2},"end":{"line":18,"column":3}},"2":{"start":{"line":21,"column":15},"end":{"line":43,"column":2}}},"fnMap":{"0":{"name":"(anonymous_0)","decl":{"start":{"line":11,"column":33},"end":{"line":11,"column":34}},"loc":{"start":{"line":11,"column":78},"end":{"line":19,"column":1}},"line":11}},"branchMap":{"0":{"loc":{"start":{"line":11,"column":42},"end":{"line":11,"column":56}},"type":"default-arg","locations":[{"start":{"line":11,"column":51},"end":{"line":11,"column":56}}],"line":11},"1":{"loc":{"start":{"line":13,"column":42},"end":{"line":13,"column":74}},"type":"binary-expr","locations":[{"start":{"line":13,"column":42},"end":{"line":13,"column":48}},{"start":{"line":13,"column":52},"end":{"line":13,"column":74}}],"line":13},"2":{"loc":{"start":{"line":14,"column":35},"end":{"line":14,"column":62}},"type":"binary-expr","locations":[{"start":{"line":14,"column":35},"end":{"line":14,"column":41}},{"start":{"line":14,"column":45},"end":{"line":14,"column":62}}],"line":14}},"s":{"0":0,"1":0,"2":0},"f":{"0":0},"b":{"0":[0],"1":[0,0],"2":[0,0]}}
,"/home/ig3xlab/Área de Trabalho/folders/me/plantmanager/src/components/Header.tsx": {"path":"/home/ig3xlab/Área de Trabalho/folders/me/plantmanager/src/components/Header.tsx","statementMap":{"0":{"start":{"line":9,"column":22},"end":{"line":37,"column":1}},"1":{"start":{"line":10,"column":36},"end":{"line":10,"column":61}},"2":{"start":{"line":11,"column":23},"end":{"line":11,"column":38}},"3":{"start":{"line":18,"column":25},"end":{"line":18,"column":44}},"4":{"start":{"line":19,"column":8},"end":{"line":19,"column":35}},"5":{"start":{"line":22,"column":4},"end":{"line":24,"column":18}},"6":{"start":{"line":23,"column":8},"end":{"line":23,"column":29}},"7":{"start":{"line":26,"column":2},"end":{"line":36,"column":3}},"8":{"start":{"line":39,"column":15},"end":{"line":63,"column":2}}},"fnMap":{"0":{"name":"(anonymous_0)","decl":{"start":{"line":9,"column":22},"end":{"line":9,"column":23}},"loc":{"start":{"line":9,"column":28},"end":{"line":37,"column":1}},"line":9},"1":{"name":"handleStart","decl":{"start":{"line":13,"column":13},"end":{"line":13,"column":24}},"loc":{"start":{"line":13,"column":26},"end":{"line":15,"column":5}},"line":13},"2":{"name":"loadStorageUserName","decl":{"start":{"line":17,"column":19},"end":{"line":17,"column":38}},"loc":{"start":{"line":17,"column":41},"end":{"line":20,"column":5}},"line":17},"3":{"name":"(anonymous_3)","decl":{"start":{"line":22,"column":14},"end":{"line":22,"column":15}},"loc":{"start":{"line":22,"column":20},"end":{"line":24,"column":5}},"line":22}},"branchMap":{"0":{"loc":{"start":{"line":19,"column":20},"end":{"line":19,"column":34}},"type":"binary-expr","locations":[{"start":{"line":19,"column":20},"end":{"line":19,"column":28}},{"start":{"line":19,"column":32},"end":{"line":19,"column":34}}],"line":19}},"s":{"0":0,"1":0,"2":0,"3":0,"4":0,"5":0,"6":0,"7":0,"8":0},"f":{"0":0,"1":0,"2":0,"3":0},"b":{"0":[0,0]}}
,"/home/ig3xlab/Área de Trabalho/folders/me/plantmanager/src/components/Load.tsx": {"path":"/home/ig3xlab/Área de Trabalho/folders/me/plantmanager/src/components/Load.tsx","statementMap":{"0":{"start":{"line":7,"column":20},"end":{"line":18,"column":1}},"1":{"start":{"line":8,"column":2},"end":{"line":17,"column":3}},"2":{"start":{"line":20,"column":15},"end":{"line":31,"column":2}}},"fnMap":{"0":{"name":"(anonymous_0)","decl":{"start":{"line":7,"column":20},"end":{"line":7,"column":21}},"loc":{"start":{"line":7,"column":26},"end":{"line":18,"column":1}},"line":7}},"branchMap":{},"s":{"0":0,"1":0,"2":0},"f":{"0":0},"b":{}}
,"/home/ig3xlab/Área de Trabalho/folders/me/plantmanager/src/components/PlantCardHorizontal.tsx": {"path":"/home/ig3xlab/Área de Trabalho/folders/me/plantmanager/src/components/PlantCardHorizontal.tsx","statementMap":{"0":{"start":{"line":16,"column":35},"end":{"line":48,"column":1}},"1":{"start":{"line":23,"column":2},"end":{"line":47,"column":4}},"2":{"start":{"line":27,"column":8},"end":{"line":33,"column":24}},"3":{"start":{"line":50,"column":15},"end":{"line":99,"column":2}}},"fnMap":{"0":{"name":"(anonymous_0)","decl":{"start":{"line":16,"column":35},"end":{"line":16,"column":36}},"loc":{"start":{"line":22,"column":13},"end":{"line":48,"column":1}},"line":22},"1":{"name":"(anonymous_1)","decl":{"start":{"line":26,"column":26},"end":{"line":26,"column":27}},"loc":{"start":{"line":27,"column":8},"end":{"line":33,"column":24}},"line":27}},"branchMap":{},"s":{"0":0,"1":0,"2":0,"3":0},"f":{"0":0,"1":0},"b":{}}
,"/home/ig3xlab/Área de Trabalho/folders/me/plantmanager/src/components/PlantCardVertical.tsx": {"path":"/home/ig3xlab/Área de Trabalho/folders/me/plantmanager/src/components/PlantCardVertical.tsx","statementMap":{"0":{"start":{"line":11,"column":33},"end":{"line":24,"column":1}},"1":{"start":{"line":12,"column":2},"end":{"line":23,"column":3}},"2":{"start":{"line":26,"column":15},"end":{"line":46,"column":2}}},"fnMap":{"0":{"name":"(anonymous_0)","decl":{"start":{"line":11,"column":33},"end":{"line":11,"column":34}},"loc":{"start":{"line":11,"column":68},"end":{"line":24,"column":1}},"line":11}},"branchMap":{},"s":{"0":0,"1":0,"2":0},"f":{"0":0},"b":{}}
,"/home/ig3xlab/Área de Trabalho/folders/me/plantmanager/src/routes/index.tsx": {"path":"/home/ig3xlab/Área de Trabalho/folders/me/plantmanager/src/routes/index.tsx","statementMap":{"0":{"start":{"line":6,"column":15},"end":{"line":13,"column":1}},"1":{"start":{"line":8,"column":4},"end":{"line":12,"column":5}}},"fnMap":{"0":{"name":"(anonymous_0)","decl":{"start":{"line":6,"column":15},"end":{"line":6,"column":16}},"loc":{"start":{"line":6,"column":21},"end":{"line":13,"column":1}},"line":6}},"branchMap":{},"s":{"0":0,"1":0},"f":{"0":0},"b":{}}
,"/home/ig3xlab/Área de Trabalho/folders/me/plantmanager/src/routes/stack.routes.tsx": {"path":"/home/ig3xlab/Área de Trabalho/folders/me/plantmanager/src/routes/stack.routes.tsx","statementMap":{"0":{"start":{"line":13,"column":28},"end":{"line":13,"column":50}},"1":{"start":{"line":15,"column":30},"end":{"line":34,"column":1}},"2":{"start":{"line":17,"column":4},"end":{"line":33,"column":5}}},"fnMap":{"0":{"name":"(anonymous_0)","decl":{"start":{"line":15,"column":30},"end":{"line":15,"column":31}},"loc":{"start":{"line":15,"column":36},"end":{"line":34,"column":1}},"line":15}},"branchMap":{},"s":{"0":0,"1":0,"2":0},"f":{"0":0},"b":{}}
,"/home/ig3xlab/Área de Trabalho/folders/me/plantmanager/src/routes/tab.routes.tsx": {"path":"/home/ig3xlab/Área de Trabalho/folders/me/plantmanager/src/routes/tab.routes.tsx","statementMap":{"0":{"start":{"line":8,"column":32},"end":{"line":8,"column":58}},"1":{"start":{"line":11,"column":2},"end":{"line":51,"column":4}},"2":{"start":{"line":29,"column":16},"end":{"line":33,"column":18}},"3":{"start":{"line":42,"column":16},"end":{"line":46,"column":18}}},"fnMap":{"0":{"name":"AuthRoutes","decl":{"start":{"line":10,"column":9},"end":{"line":10,"column":19}},"loc":{"start":{"line":10,"column":22},"end":{"line":52,"column":1}},"line":10},"1":{"name":"(anonymous_1)","decl":{"start":{"line":28,"column":25},"end":{"line":28,"column":26}},"loc":{"start":{"line":29,"column":16},"end":{"line":33,"column":18}},"line":29},"2":{"name":"(anonymous_2)","decl":{"start":{"line":41,"column":25},"end":{"line":41,"column":26}},"loc":{"start":{"line":42,"column":16},"end":{"line":46,"column":18}},"line":42}},"branchMap":{"0":{"loc":{"start":{"line":19,"column":33},"end":{"line":19,"column":63}},"type":"cond-expr","locations":[{"start":{"line":19,"column":57},"end":{"line":19,"column":59}},{"start":{"line":19,"column":62},"end":{"line":19,"column":63}}],"line":19}},"s":{"0":0,"1":0,"2":0,"3":0},"f":{"0":0,"1":0,"2":0},"b":{"0":[0,0]}}
,"/home/ig3xlab/Área de Trabalho/folders/me/plantmanager/src/screens/Confirmation.tsx": {"path":"/home/ig3xlab/Área de Trabalho/folders/me/plantmanager/src/screens/Confirmation.tsx","statementMap":{"0":{"start":{"line":18,"column":15},"end":{"line":21,"column":1}},"1":{"start":{"line":23,"column":28},"end":{"line":51,"column":1}},"2":{"start":{"line":24,"column":23},"end":{"line":24,"column":38}},"3":{"start":{"line":25,"column":18},"end":{"line":25,"column":28}},"4":{"start":{"line":26,"column":61},"end":{"line":26,"column":83}},"5":{"start":{"line":29,"column":8},"end":{"line":29,"column":39}},"6":{"start":{"line":32,"column":2},"end":{"line":50,"column":3}},"7":{"start":{"line":53,"column":15},"end":{"line":89,"column":2}}},"fnMap":{"0":{"name":"(anonymous_0)","decl":{"start":{"line":23,"column":28},"end":{"line":23,"column":29}},"loc":{"start":{"line":23,"column":34},"end":{"line":51,"column":1}},"line":23},"1":{"name":"handleStart","decl":{"start":{"line":28,"column":13},"end":{"line":28,"column":24}},"loc":{"start":{"line":28,"column":26},"end":{"line":30,"column":5}},"line":28}},"branchMap":{},"s":{"0":0,"1":0,"2":0,"3":0,"4":0,"5":0,"6":0,"7":0},"f":{"0":0,"1":0},"b":{}}
,"/home/ig3xlab/Área de Trabalho/folders/me/plantmanager/src/screens/MyPlants.tsx": {"path":"/home/ig3xlab/Área de Trabalho/folders/me/plantmanager/src/screens/MyPlants.tsx","statementMap":{"0":{"start":{"line":15,"column":24},"end":{"line":95,"column":1}},"1":{"start":{"line":16,"column":34},"end":{"line":16,"column":60}},"2":{"start":{"line":17,"column":32},"end":{"line":17,"column":46}},"3":{"start":{"line":18,"column":40},"end":{"line":18,"column":58}},"4":{"start":{"line":21,"column":4},"end":{"line":39,"column":7}},"5":{"start":{"line":29,"column":10},"end":{"line":36,"column":11}},"6":{"start":{"line":30,"column":12},"end":{"line":30,"column":40}},"7":{"start":{"line":32,"column":12},"end":{"line":32,"column":79}},"8":{"start":{"line":32,"column":37},"end":{"line":32,"column":77}},"9":{"start":{"line":32,"column":59},"end":{"line":32,"column":76}},"10":{"start":{"line":34,"column":12},"end":{"line":34,"column":31}},"11":{"start":{"line":35,"column":12},"end":{"line":35,"column":76}},"12":{"start":{"line":43,"column":4},"end":{"line":43,"column":21}},"13":{"start":{"line":45,"column":19},"end":{"line":45,"column":36}},"14":{"start":{"line":47,"column":4},"end":{"line":56,"column":5}},"15":{"start":{"line":48,"column":23},"end":{"line":52,"column":7}},"16":{"start":{"line":54,"column":6},"end":{"line":54,"column":79}},"17":{"start":{"line":55,"column":6},"end":{"line":55,"column":26}},"18":{"start":{"line":58,"column":4},"end":{"line":58,"column":22}},"19":{"start":{"line":61,"column":2},"end":{"line":63,"column":9}},"20":{"start":{"line":62,"column":4},"end":{"line":62,"column":18}},"21":{"start":{"line":65,"column":2},"end":{"line":65,"column":31}},"22":{"start":{"line":65,"column":15},"end":{"line":65,"column":31}},"23":{"start":{"line":67,"column":2},"end":{"line":94,"column":4}},"24":{"start":{"line":81,"column":34},"end":{"line":81,"column":49}},"25":{"start":{"line":83,"column":12},"end":{"line":88,"column":14}},"26":{"start":{"line":87,"column":34},"end":{"line":87,"column":52}},"27":{"start":{"line":97,"column":15},"end":{"line":135,"column":2}}},"fnMap":{"0":{"name":"(anonymous_0)","decl":{"start":{"line":15,"column":24},"end":{"line":15,"column":25}},"loc":{"start":{"line":15,"column":30},"end":{"line":95,"column":1}},"line":15},"1":{"name":"handleRemove","decl":{"start":{"line":20,"column":11},"end":{"line":20,"column":23}},"loc":{"start":{"line":20,"column":43},"end":{"line":40,"column":3}},"line":20},"2":{"name":"(anonymous_2)","decl":{"start":{"line":28,"column":17},"end":{"line":28,"column":18}},"loc":{"start":{"line":28,"column":29},"end":{"line":37,"column":9}},"line":28},"3":{"name":"(anonymous_3)","decl":{"start":{"line":32,"column":24},"end":{"line":32,"column":25}},"loc":{"start":{"line":32,"column":37},"end":{"line":32,"column":77}},"line":32},"4":{"name":"(anonymous_4)","decl":{"start":{"line":32,"column":52},"end":{"line":32,"column":53}},"loc":{"start":{"line":32,"column":59},"end":{"line":32,"column":76}},"line":32},"5":{"name":"fetchPlants","decl":{"start":{"line":42,"column":17},"end":{"line":42,"column":28}},"loc":{"start":{"line":42,"column":31},"end":{"line":59,"column":3}},"line":42},"6":{"name":"(anonymous_6)","decl":{"start":{"line":61,"column":12},"end":{"line":61,"column":13}},"loc":{"start":{"line":61,"column":18},"end":{"line":63,"column":3}},"line":61},"7":{"name":"(anonymous_7)","decl":{"start":{"line":81,"column":24},"end":{"line":81,"column":25}},"loc":{"start":{"line":81,"column":34},"end":{"line":81,"column":49}},"line":81},"8":{"name":"(anonymous_8)","decl":{"start":{"line":82,"column":22},"end":{"line":82,"column":23}},"loc":{"start":{"line":83,"column":12},"end":{"line":88,"column":14}},"line":83},"9":{"name":"(anonymous_9)","decl":{"start":{"line":87,"column":28},"end":{"line":87,"column":29}},"loc":{"start":{"line":87,"column":34},"end":{"line":87,"column":52}},"line":87}},"branchMap":{"0":{"loc":{"start":{"line":47,"column":4},"end":{"line":56,"column":5}},"type":"if","locations":[{"start":{"line":47,"column":4},"end":{"line":56,"column":5}},{"start":{},"end":{}}],"line":47},"1":{"loc":{"start":{"line":65,"column":2},"end":{"line":65,"column":31}},"type":"if","locations":[{"start":{"line":65,"column":2},"end":{"line":65,"column":31}},{"start":{},"end":{}}],"line":65}},"s":{"0":0,"1":0,"2":0,"3":0,"4":0,"5":0,"6":0,"7":0,"8":0,"9":0,"10":0,"11":0,"12":0,"13":0,"14":0,"15":0,"16":0,"17":0,"18":0,"19":0,"20":0,"21":0,"22":0,"23":0,"24":0,"25":0,"26":0,"27":0},"f":{"0":0,"1":0,"2":0,"3":0,"4":0,"5":0,"6":0,"7":0,"8":0,"9":0},"b":{"0":[0,0],"1":[0,0]}}
,"/home/ig3xlab/Área de Trabalho/folders/me/plantmanager/src/screens/PlantSave.tsx": {"path":"/home/ig3xlab/Área de Trabalho/folders/me/plantmanager/src/screens/PlantSave.tsx","statementMap":{"0":{"start":{"line":29,"column":25},"end":{"line":132,"column":1}},"1":{"start":{"line":30,"column":50},"end":{"line":30,"column":70}},"2":{"start":{"line":31,"column":46},"end":{"line":31,"column":77}},"3":{"start":{"line":33,"column":21},"end":{"line":33,"column":36}},"4":{"start":{"line":34,"column":16},"end":{"line":34,"column":26}},"5":{"start":{"line":35,"column":20},"end":{"line":35,"column":42}},"6":{"start":{"line":41,"column":4},"end":{"line":43,"column":5}},"7":{"start":{"line":42,"column":6},"end":{"line":42,"column":49}},"8":{"start":{"line":42,"column":38},"end":{"line":42,"column":47}},"9":{"start":{"line":45,"column":4},"end":{"line":48,"column":5}},"10":{"start":{"line":46,"column":6},"end":{"line":46,"column":38}},"11":{"start":{"line":47,"column":6},"end":{"line":47,"column":51}},"12":{"start":{"line":50,"column":4},"end":{"line":52,"column":5}},"13":{"start":{"line":51,"column":6},"end":{"line":51,"column":36}},"14":{"start":{"line":56,"column":4},"end":{"line":56,"column":28}},"15":{"start":{"line":60,"column":4},"end":{"line":76,"column":5}},"16":{"start":{"line":61,"column":6},"end":{"line":64,"column":9}},"17":{"start":{"line":65,"column":6},"end":{"line":72,"column":9}},"18":{"start":{"line":74,"column":6},"end":{"line":74,"column":25}},"19":{"start":{"line":75,"column":6},"end":{"line":75,"column":54}},"20":{"start":{"line":79,"column":2},"end":{"line":131,"column":4}},"21":{"start":{"line":134,"column":15},"end":{"line":212,"column":2}}},"fnMap":{"0":{"name":"(anonymous_0)","decl":{"start":{"line":29,"column":25},"end":{"line":29,"column":26}},"loc":{"start":{"line":29,"column":31},"end":{"line":132,"column":1}},"line":29},"1":{"name":"handleChangeTime","decl":{"start":{"line":37,"column":11},"end":{"line":37,"column":27}},"loc":{"start":{"line":40,"column":4},"end":{"line":53,"column":3}},"line":40},"2":{"name":"(anonymous_2)","decl":{"start":{"line":42,"column":24},"end":{"line":42,"column":25}},"loc":{"start":{"line":42,"column":38},"end":{"line":42,"column":47}},"line":42},"3":{"name":"handleOpenDateTimePickerForAndroid","decl":{"start":{"line":55,"column":11},"end":{"line":55,"column":45}},"loc":{"start":{"line":55,"column":48},"end":{"line":57,"column":3}},"line":55},"4":{"name":"handleSavePlant","decl":{"start":{"line":59,"column":17},"end":{"line":59,"column":32}},"loc":{"start":{"line":59,"column":35},"end":{"line":77,"column":3}},"line":59}},"branchMap":{"0":{"loc":{"start":{"line":41,"column":4},"end":{"line":43,"column":5}},"type":"if","locations":[{"start":{"line":41,"column":4},"end":{"line":43,"column":5}},{"start":{},"end":{}}],"line":41},"1":{"loc":{"start":{"line":45,"column":4},"end":{"line":48,"column":5}},"type":"if","locations":[{"start":{"line":45,"column":4},"end":{"line":48,"column":5}},{"start":{},"end":{}}],"line":45},"2":{"loc":{"start":{"line":45,"column":8},"end":{"line":45,"column":50}},"type":"binary-expr","locations":[{"start":{"line":45,"column":8},"end":{"line":45,"column":16}},{"start":{"line":45,"column":20},"end":{"line":45,"column":50}}],"line":45},"3":{"loc":{"start":{"line":50,"column":4},"end":{"line":52,"column":5}},"type":"if","locations":[{"start":{"line":50,"column":4},"end":{"line":52,"column":5}},{"start":{},"end":{}}],"line":50},"4":{"loc":{"start":{"line":107,"column":11},"end":{"line":114,"column":11}},"type":"binary-expr","locations":[{"start":{"line":107,"column":11},"end":{"line":107,"column":25}},{"start":{"line":108,"column":12},"end":{"line":113,"column":14}}],"line":107},"5":{"loc":{"start":{"line":116,"column":11},"end":{"line":125,"column":11}},"type":"binary-expr","locations":[{"start":{"line":116,"column":11},"end":{"line":116,"column":36}},{"start":{"line":117,"column":12},"end":{"line":124,"column":31}}],"line":116},"6":{"loc":{"start":{"line":170,"column":19},"end":{"line":170,"column":41}},"type":"binary-expr","locations":[{"start":{"line":170,"column":19},"end":{"line":170,"column":35}},{"start":{"line":170,"column":39},"end":{"line":170,"column":41}}],"line":170}},"s":{"0":0,"1":0,"2":0,"3":0,"4":0,"5":0,"6":0,"7":0,"8":0,"9":0,"10":0,"11":0,"12":0,"13":0,"14":0,"15":0,"16":0,"17":0,"18":0,"19":0,"20":0,"21":0},"f":{"0":0,"1":0,"2":0,"3":0,"4":0},"b":{"0":[0,0],"1":[0,0],"2":[0,0],"3":[0,0],"4":[0,0],"5":[0,0],"6":[0,0]}}
,"/home/ig3xlab/Área de Trabalho/folders/me/plantmanager/src/screens/PlantSelect.tsx": {"path":"/home/ig3xlab/Área de Trabalho/folders/me/plantmanager/src/screens/PlantSelect.tsx","statementMap":{"0":{"start":{"line":21,"column":27},"end":{"line":146,"column":1}},"1":{"start":{"line":22,"column":23},"end":{"line":22,"column":38}},"2":{"start":{"line":24,"column":44},"end":{"line":24,"column":74}},"3":{"start":{"line":25,"column":58},"end":{"line":25,"column":73}},"4":{"start":{"line":26,"column":32},"end":{"line":26,"column":56}},"5":{"start":{"line":27,"column":48},"end":{"line":27,"column":72}},"6":{"start":{"line":28,"column":34},"end":{"line":28,"column":48}},"7":{"start":{"line":30,"column":28},"end":{"line":30,"column":39}},"8":{"start":{"line":31,"column":42},"end":{"line":31,"column":57}},"9":{"start":{"line":34,"column":8},"end":{"line":34,"column":43}},"10":{"start":{"line":36,"column":8},"end":{"line":36,"column":66}},"11":{"start":{"line":36,"column":34},"end":{"line":36,"column":66}},"12":{"start":{"line":38,"column":25},"end":{"line":38,"column":82}},"13":{"start":{"line":38,"column":45},"end":{"line":38,"column":81}},"14":{"start":{"line":39,"column":8},"end":{"line":39,"column":35}},"15":{"start":{"line":44,"column":23},"end":{"line":44,"column":81}},"16":{"start":{"line":45,"column":8},"end":{"line":51,"column":10}},"17":{"start":{"line":55,"column":8},"end":{"line":55,"column":31}},"18":{"start":{"line":55,"column":25},"end":{"line":55,"column":31}},"19":{"start":{"line":57,"column":8},"end":{"line":57,"column":28}},"20":{"start":{"line":58,"column":8},"end":{"line":58,"column":41}},"21":{"start":{"line":58,"column":28},"end":{"line":58,"column":40}},"22":{"start":{"line":60,"column":8},"end":{"line":60,"column":21}},"23":{"start":{"line":64,"column":23},"end":{"line":64,"column":91}},"24":{"start":{"line":66,"column":8},"end":{"line":66,"column":41}},"25":{"start":{"line":66,"column":18},"end":{"line":66,"column":41}},"26":{"start":{"line":68,"column":8},"end":{"line":74,"column":9}},"27":{"start":{"line":69,"column":12},"end":{"line":69,"column":57}},"28":{"start":{"line":69,"column":34},"end":{"line":69,"column":56}},"29":{"start":{"line":70,"column":12},"end":{"line":70,"column":65}},"30":{"start":{"line":70,"column":42},"end":{"line":70,"column":64}},"31":{"start":{"line":72,"column":12},"end":{"line":72,"column":27}},"32":{"start":{"line":73,"column":12},"end":{"line":73,"column":35}},"33":{"start":{"line":76,"column":8},"end":{"line":76,"column":25}},"34":{"start":{"line":77,"column":8},"end":{"line":77,"column":29}},"35":{"start":{"line":81,"column":8},"end":{"line":81,"column":49}},"36":{"start":{"line":84,"column":4},"end":{"line":87,"column":10}},"37":{"start":{"line":85,"column":8},"end":{"line":85,"column":26}},"38":{"start":{"line":86,"column":8},"end":{"line":86,"column":21}},"39":{"start":{"line":89,"column":4},"end":{"line":89,"column":31}},"40":{"start":{"line":89,"column":16},"end":{"line":89,"column":31}},"41":{"start":{"line":91,"column":2},"end":{"line":145,"column":3}},"42":{"start":{"line":107,"column":40},"end":{"line":107,"column":56}},"43":{"start":{"line":109,"column":20},"end":{"line":114,"column":22}},"44":{"start":{"line":113,"column":39},"end":{"line":113,"column":74}},"45":{"start":{"line":125,"column":40},"end":{"line":125,"column":55}},"46":{"start":{"line":127,"column":20},"end":{"line":132,"column":22}},"47":{"start":{"line":131,"column":39},"end":{"line":131,"column":62}},"48":{"start":{"line":138,"column":53},"end":{"line":138,"column":85}},"49":{"start":{"line":148,"column":15},"end":{"line":184,"column":2}}},"fnMap":{"0":{"name":"(anonymous_0)","decl":{"start":{"line":21,"column":27},"end":{"line":21,"column":28}},"loc":{"start":{"line":21,"column":33},"end":{"line":146,"column":1}},"line":21},"1":{"name":"handleEnvironmentSelected","decl":{"start":{"line":33,"column":13},"end":{"line":33,"column":38}},"loc":{"start":{"line":33,"column":60},"end":{"line":41,"column":5}},"line":33},"2":{"name":"(anonymous_2)","decl":{"start":{"line":38,"column":40},"end":{"line":38,"column":41}},"loc":{"start":{"line":38,"column":45},"end":{"line":38,"column":81}},"line":38},"3":{"name":"fetchEnvironment","decl":{"start":{"line":43,"column":19},"end":{"line":43,"column":35}},"loc":{"start":{"line":43,"column":38},"end":{"line":52,"column":5}},"line":43},"4":{"name":"handleFetchMore","decl":{"start":{"line":54,"column":13},"end":{"line":54,"column":28}},"loc":{"start":{"line":54,"column":47},"end":{"line":61,"column":5}},"line":54},"5":{"name":"(anonymous_5)","decl":{"start":{"line":58,"column":16},"end":{"line":58,"column":17}},"loc":{"start":{"line":58,"column":28},"end":{"line":58,"column":40}},"line":58},"6":{"name":"fetchPlants","decl":{"start":{"line":63,"column":19},"end":{"line":63,"column":30}},"loc":{"start":{"line":63,"column":33},"end":{"line":78,"column":5}},"line":63},"7":{"name":"(anonymous_7)","decl":{"start":{"line":69,"column":22},"end":{"line":69,"column":23}},"loc":{"start":{"line":69,"column":34},"end":{"line":69,"column":56}},"line":69},"8":{"name":"(anonymous_8)","decl":{"start":{"line":70,"column":30},"end":{"line":70,"column":31}},"loc":{"start":{"line":70,"column":42},"end":{"line":70,"column":64}},"line":70},"9":{"name":"handlePlantSelect","decl":{"start":{"line":80,"column":13},"end":{"line":80,"column":30}},"loc":{"start":{"line":80,"column":50},"end":{"line":82,"column":5}},"line":80},"10":{"name":"(anonymous_10)","decl":{"start":{"line":84,"column":14},"end":{"line":84,"column":15}},"loc":{"start":{"line":84,"column":20},"end":{"line":87,"column":5}},"line":84},"11":{"name":"(anonymous_11)","decl":{"start":{"line":107,"column":30},"end":{"line":107,"column":31}},"loc":{"start":{"line":107,"column":40},"end":{"line":107,"column":56}},"line":107},"12":{"name":"(anonymous_12)","decl":{"start":{"line":108,"column":28},"end":{"line":108,"column":29}},"loc":{"start":{"line":109,"column":20},"end":{"line":114,"column":22}},"line":109},"13":{"name":"(anonymous_13)","decl":{"start":{"line":113,"column":33},"end":{"line":113,"column":34}},"loc":{"start":{"line":113,"column":39},"end":{"line":113,"column":74}},"line":113},"14":{"name":"(anonymous_14)","decl":{"start":{"line":125,"column":30},"end":{"line":125,"column":31}},"loc":{"start":{"line":125,"column":40},"end":{"line":125,"column":55}},"line":125},"15":{"name":"(anonymous_15)","decl":{"start":{"line":126,"column":28},"end":{"line":126,"column":29}},"loc":{"start":{"line":127,"column":20},"end":{"line":132,"column":22}},"line":127},"16":{"name":"(anonymous_16)","decl":{"start":{"line":131,"column":33},"end":{"line":131,"column":34}},"loc":{"start":{"line":131,"column":39},"end":{"line":131,"column":62}},"line":131},"17":{"name":"(anonymous_17)","decl":{"start":{"line":138,"column":30},"end":{"line":138,"column":31}},"loc":{"start":{"line":138,"column":53},"end":{"line":138,"column":85}},"line":138}},"branchMap":{"0":{"loc":{"start":{"line":36,"column":8},"end":{"line":36,"column":66}},"type":"if","locations":[{"start":{"line":36,"column":8},"end":{"line":36,"column":66}},{"start":{},"end":{}}],"line":36},"1":{"loc":{"start":{"line":55,"column":8},"end":{"line":55,"column":31}},"type":"if","locations":[{"start":{"line":55,"column":8},"end":{"line":55,"column":31}},{"start":{},"end":{}}],"line":55},"2":{"loc":{"start":{"line":66,"column":8},"end":{"line":66,"column":41}},"type":"if","locations":[{"start":{"line":66,"column":8},"end":{"line":66,"column":41}},{"start":{},"end":{}}],"line":66},"3":{"loc":{"start":{"line":68,"column":8},"end":{"line":74,"column":9}},"type":"if","locations":[{"start":{"line":68,"column":8},"end":{"line":74,"column":9}},{"start":{"line":71,"column":15},"end":{"line":74,"column":9}}],"line":68},"4":{"loc":{"start":{"line":89,"column":4},"end":{"line":89,"column":31}},"type":"if","locations":[{"start":{"line":89,"column":4},"end":{"line":89,"column":31}},{"start":{},"end":{}}],"line":89},"5":{"loc":{"start":{"line":140,"column":19},"end":{"line":140,"column":84}},"type":"cond-expr","locations":[{"start":{"line":140,"column":34},"end":{"line":140,"column":76}},{"start":{"line":140,"column":79},"end":{"line":140,"column":84}}],"line":140}},"s":{"0":0,"1":0,"2":0,"3":0,"4":0,"5":0,"6":0,"7":0,"8":0,"9":0,"10":0,"11":0,"12":0,"13":0,"14":0,"15":0,"16":0,"17":0,"18":0,"19":0,"20":0,"21":0,"22":0,"23":0,"24":0,"25":0,"26":0,"27":0,"28":0,"29":0,"30":0,"31":0,"32":0,"33":0,"34":0,"35":0,"36":0,"37":0,"38":0,"39":0,"40":0,"41":0,"42":0,"43":0,"44":0,"45":0,"46":0,"47":0,"48":0,"49":0},"f":{"0":0,"1":0,"2":0,"3":0,"4":0,"5":0,"6":0,"7":0,"8":0,"9":0,"10":0,"11":0,"12":0,"13":0,"14":0,"15":0,"16":0,"17":0},"b":{"0":[0,0],"1":[0,0],"2":[0,0],"3":[0,0],"4":[0,0],"5":[0,0]}}
,"/home/ig3xlab/Área de Trabalho/folders/me/plantmanager/src/screens/UserIdentification.tsx": {"path":"/home/ig3xlab/Área de Trabalho/folders/me/plantmanager/src/screens/UserIdentification.tsx","statementMap":{"0":{"start":{"line":11,"column":34},"end":{"line":89,"column":1}},"1":{"start":{"line":12,"column":23},"end":{"line":12,"column":38}},"2":{"start":{"line":14,"column":38},"end":{"line":14,"column":53}},"3":{"start":{"line":15,"column":36},"end":{"line":15,"column":51}},"4":{"start":{"line":16,"column":28},"end":{"line":16,"column":48}},"5":{"start":{"line":20,"column":8},"end":{"line":20,"column":27}},"6":{"start":{"line":21,"column":8},"end":{"line":21,"column":27}},"7":{"start":{"line":25,"column":8},"end":{"line":25,"column":26}},"8":{"start":{"line":29,"column":8},"end":{"line":29,"column":28}},"9":{"start":{"line":30,"column":8},"end":{"line":30,"column":22}},"10":{"start":{"line":34,"column":8},"end":{"line":34,"column":73}},"11":{"start":{"line":34,"column":25},"end":{"line":34,"column":73}},"12":{"start":{"line":36,"column":8},"end":{"line":36,"column":90}},"13":{"start":{"line":36,"column":29},"end":{"line":36,"column":90}},"14":{"start":{"line":38,"column":8},"end":{"line":38,"column":39}},"15":{"start":{"line":39,"column":8},"end":{"line":45,"column":10}},"16":{"start":{"line":49,"column":2},"end":{"line":88,"column":3}},"17":{"start":{"line":91,"column":15},"end":{"line":139,"column":2}}},"fnMap":{"0":{"name":"(anonymous_0)","decl":{"start":{"line":11,"column":34},"end":{"line":11,"column":35}},"loc":{"start":{"line":11,"column":40},"end":{"line":89,"column":1}},"line":11},"1":{"name":"hadleInputBlur","decl":{"start":{"line":19,"column":13},"end":{"line":19,"column":27}},"loc":{"start":{"line":19,"column":30},"end":{"line":22,"column":5}},"line":19},"2":{"name":"hadleInputFocus","decl":{"start":{"line":24,"column":13},"end":{"line":24,"column":28}},"loc":{"start":{"line":24,"column":31},"end":{"line":26,"column":5}},"line":24},"3":{"name":"handleInputChange","decl":{"start":{"line":28,"column":13},"end":{"line":28,"column":30}},"loc":{"start":{"line":28,"column":46},"end":{"line":31,"column":5}},"line":28},"4":{"name":"hadleConfirmation","decl":{"start":{"line":33,"column":19},"end":{"line":33,"column":36}},"loc":{"start":{"line":33,"column":38},"end":{"line":46,"column":5}},"line":33}},"branchMap":{"0":{"loc":{"start":{"line":34,"column":8},"end":{"line":34,"column":73}},"type":"if","locations":[{"start":{"line":34,"column":8},"end":{"line":34,"column":73}},{"start":{},"end":{}}],"line":34},"1":{"loc":{"start":{"line":36,"column":8},"end":{"line":36,"column":90}},"type":"if","locations":[{"start":{"line":36,"column":8},"end":{"line":36,"column":90}},{"start":{},"end":{}}],"line":36},"2":{"loc":{"start":{"line":53,"column":22},"end":{"line":53,"column":66}},"type":"cond-expr","locations":[{"start":{"line":53,"column":46},"end":{"line":53,"column":55}},{"start":{"line":53,"column":58},"end":{"line":53,"column":66}}],"line":53},"3":{"loc":{"start":{"line":60,"column":34},"end":{"line":60,"column":64}},"type":"cond-expr","locations":[{"start":{"line":60,"column":53},"end":{"line":60,"column":57}},{"start":{"line":60,"column":60},"end":{"line":60,"column":64}}],"line":60},"4":{"loc":{"start":{"line":71,"column":32},"end":{"line":71,"column":88}},"type":"binary-expr","locations":[{"start":{"line":71,"column":33},"end":{"line":71,"column":42}},{"start":{"line":71,"column":46},"end":{"line":71,"column":54}},{"start":{"line":71,"column":59},"end":{"line":71,"column":88}}],"line":71},"5":{"loc":{"start":{"line":81,"column":92},"end":{"line":81,"column":121}},"type":"binary-expr","locations":[{"start":{"line":81,"column":92},"end":{"line":81,"column":101}},{"start":{"line":81,"column":105},"end":{"line":81,"column":121}}],"line":81}},"s":{"0":0,"1":0,"2":0,"3":0,"4":0,"5":0,"6":0,"7":0,"8":0,"9":0,"10":0,"11":0,"12":0,"13":0,"14":0,"15":0,"16":0,"17":0},"f":{"0":0,"1":0,"2":0,"3":0,"4":0},"b":{"0":[0,0],"1":[0,0],"2":[0,0],"3":[0,0],"4":[0,0,0],"5":[0,0]}}
,"/home/ig3xlab/Área de Trabalho/folders/me/plantmanager/src/screens/Welcome.tsx": {"path":"/home/ig3xlab/Área de Trabalho/folders/me/plantmanager/src/screens/Welcome.tsx","statementMap":{"0":{"start":{"line":9,"column":23},"end":{"line":39,"column":1}},"1":{"start":{"line":10,"column":23},"end":{"line":10,"column":38}},"2":{"start":{"line":13,"column":8},"end":{"line":13,"column":49}},"3":{"start":{"line":16,"column":2},"end":{"line":38,"column":3}},"4":{"start":{"line":41,"column":15},"end":{"line":83,"column":2}}},"fnMap":{"0":{"name":"(anonymous_0)","decl":{"start":{"line":9,"column":23},"end":{"line":9,"column":24}},"loc":{"start":{"line":9,"column":29},"end":{"line":39,"column":1}},"line":9},"1":{"name":"hadleStart","decl":{"start":{"line":12,"column":13},"end":{"line":12,"column":23}},"loc":{"start":{"line":12,"column":25},"end":{"line":14,"column":5}},"line":12}},"branchMap":{},"s":{"0":0,"1":0,"2":0,"3":0,"4":0},"f":{"0":0,"1":0},"b":{}}
}
