TN:
SF:src/components/Button.tsx
FN:10,(anonymous_0)
FNF:1
FNH:1
FNDA:2,(anonymous_0)
DA:10,1
DA:11,2
DA:20,1
LF:3
LH:3
BRDA:12,0,0,2
BRDA:12,0,1,2
BRF:2
BRH:2
end_of_record
TN:
SF:src/components/EnvironmentButton.tsx
FN:11,(anonymous_0)
FNF:1
FNH:0
FNDA:0,(anonymous_0)
DA:11,0
DA:12,0
DA:21,0
LF:3
LH:0
BRDA:11,0,0,0
BRDA:13,1,0,0
BRDA:13,1,1,0
BRDA:14,2,0,0
BRDA:14,2,1,0
BRF:5
BRH:0
end_of_record
TN:
SF:src/components/Header.tsx
FN:9,(anonymous_0)
FN:13,handleStart
FN:17,loadStorageUserName
FN:22,(anonymous_3)
FNF:4
FNH:0
FNDA:0,(anonymous_0)
FNDA:0,handleStart
FNDA:0,loadStorageUserName
FNDA:0,(anonymous_3)
DA:9,0
DA:10,0
DA:11,0
DA:18,0
DA:19,0
DA:22,0
DA:23,0
DA:26,0
DA:39,0
LF:9
LH:0
BRDA:19,0,0,0
BRDA:19,0,1,0
BRF:2
BRH:0
end_of_record
TN:
SF:src/components/Load.tsx
FN:7,(anonymous_0)
FNF:1
FNH:0
FNDA:0,(anonymous_0)
DA:7,0
DA:8,0
DA:20,0
LF:3
LH:0
BRF:0
BRH:0
end_of_record
TN:
SF:src/components/PlantCardHorizontal.tsx
FN:16,(anonymous_0)
FN:26,(anonymous_1)
FNF:2
FNH:0
FNDA:0,(anonymous_0)
FNDA:0,(anonymous_1)
DA:16,0
DA:23,0
DA:27,0
DA:50,0
LF:4
LH:0
BRF:0
BRH:0
end_of_record
TN:
SF:src/components/PlantCardVertical.tsx
FN:11,(anonymous_0)
FNF:1
FNH:0
FNDA:0,(anonymous_0)
DA:11,0
DA:12,0
DA:26,0
LF:3
LH:0
BRF:0
BRH:0
end_of_record
TN:
SF:src/routes/index.tsx
FN:7,(anonymous_0)
FNF:1
FNH:0
FNDA:0,(anonymous_0)
DA:7,0
DA:9,0
LF:2
LH:0
BRF:0
BRH:0
end_of_record
TN:
SF:src/routes/stack.routes.tsx
FN:15,(anonymous_0)
FNF:1
FNH:0
FNDA:0,(anonymous_0)
DA:13,0
DA:15,0
DA:17,0
LF:3
LH:0
BRF:0
BRH:0
end_of_record
TN:
SF:src/routes/tab.routes.tsx
FN:10,AuthRoutes
FN:28,(anonymous_1)
FN:41,(anonymous_2)
FNF:3
FNH:0
FNDA:0,AuthRoutes
FNDA:0,(anonymous_1)
FNDA:0,(anonymous_2)
DA:8,0
DA:11,0
DA:29,0
DA:42,0
LF:4
LH:0
BRDA:19,0,0,0
BRDA:19,0,1,0
BRF:2
BRH:0
end_of_record
TN:
SF:src/screens/Confirmation.tsx
FN:23,(anonymous_0)
FN:28,handleStart
FNF:2
FNH:0
FNDA:0,(anonymous_0)
FNDA:0,handleStart
DA:18,0
DA:23,0
DA:24,0
DA:25,0
DA:26,0
DA:29,0
DA:32,0
DA:53,0
LF:8
LH:0
BRF:0
BRH:0
end_of_record
TN:
SF:src/screens/MyPlants.tsx
FN:15,(anonymous_0)
FN:20,handleRemove
FN:28,(anonymous_2)
FN:32,(anonymous_3)
FN:32,(anonymous_4)
FN:42,fetchPlants
FN:61,(anonymous_6)
FN:81,(anonymous_7)
FN:82,(anonymous_8)
FN:87,(anonymous_9)
FNF:10
FNH:0
FNDA:0,(anonymous_0)
FNDA:0,handleRemove
FNDA:0,(anonymous_2)
FNDA:0,(anonymous_3)
FNDA:0,(anonymous_4)
FNDA:0,fetchPlants
FNDA:0,(anonymous_6)
FNDA:0,(anonymous_7)
FNDA:0,(anonymous_8)
FNDA:0,(anonymous_9)
DA:15,0
DA:16,0
DA:17,0
DA:18,0
DA:21,0
DA:29,0
DA:30,0
DA:32,0
DA:34,0
DA:35,0
DA:43,0
DA:45,0
DA:47,0
DA:48,0
DA:54,0
DA:55,0
DA:58,0
DA:61,0
DA:62,0
DA:65,0
DA:67,0
DA:81,0
DA:83,0
DA:87,0
DA:97,0
LF:25
LH:0
BRDA:47,0,0,0
BRDA:47,0,1,0
BRDA:65,1,0,0
BRDA:65,1,1,0
BRF:4
BRH:0
end_of_record
TN:
SF:src/screens/PlantSave.tsx
FN:29,(anonymous_0)
FN:37,handleChangeTime
FN:42,(anonymous_2)
FN:55,handleOpenDateTimePickerForAndroid
FN:59,handleSavePlant
FNF:5
FNH:0
FNDA:0,(anonymous_0)
FNDA:0,handleChangeTime
FNDA:0,(anonymous_2)
FNDA:0,handleOpenDateTimePickerForAndroid
FNDA:0,handleSavePlant
DA:29,0
DA:30,0
DA:31,0
DA:33,0
DA:34,0
DA:35,0
DA:41,0
DA:42,0
DA:45,0
DA:46,0
DA:47,0
DA:50,0
DA:51,0
DA:56,0
DA:60,0
DA:61,0
DA:65,0
DA:74,0
DA:75,0
DA:79,0
DA:134,0
LF:21
LH:0
BRDA:41,0,0,0
BRDA:41,0,1,0
BRDA:45,1,0,0
BRDA:45,1,1,0
BRDA:45,2,0,0
BRDA:45,2,1,0
BRDA:50,3,0,0
BRDA:50,3,1,0
BRDA:107,4,0,0
BRDA:107,4,1,0
BRDA:116,5,0,0
BRDA:116,5,1,0
BRDA:170,6,0,0
BRDA:170,6,1,0
BRF:14
BRH:0
end_of_record
TN:
SF:src/screens/PlantSelect.tsx
FN:21,(anonymous_0)
FN:33,handleEnvironmentSelected
FN:38,(anonymous_2)
FN:43,fetchEnvironment
FN:54,handleFetchMore
FN:58,(anonymous_5)
FN:63,fetchPlants
FN:69,(anonymous_7)
FN:70,(anonymous_8)
FN:80,handlePlantSelect
FN:84,(anonymous_10)
FN:107,(anonymous_11)
FN:108,(anonymous_12)
FN:113,(anonymous_13)
FN:125,(anonymous_14)
FN:126,(anonymous_15)
FN:131,(anonymous_16)
FN:138,(anonymous_17)
FNF:18
FNH:0
FNDA:0,(anonymous_0)
FNDA:0,handleEnvironmentSelected
FNDA:0,(anonymous_2)
FNDA:0,fetchEnvironment
FNDA:0,handleFetchMore
FNDA:0,(anonymous_5)
FNDA:0,fetchPlants
FNDA:0,(anonymous_7)
FNDA:0,(anonymous_8)
FNDA:0,handlePlantSelect
FNDA:0,(anonymous_10)
FNDA:0,(anonymous_11)
FNDA:0,(anonymous_12)
FNDA:0,(anonymous_13)
FNDA:0,(anonymous_14)
FNDA:0,(anonymous_15)
FNDA:0,(anonymous_16)
FNDA:0,(anonymous_17)
DA:21,0
DA:22,0
DA:24,0
DA:25,0
DA:26,0
DA:27,0
DA:28,0
DA:30,0
DA:31,0
DA:34,0
DA:36,0
DA:38,0
DA:39,0
DA:44,0
DA:45,0
DA:55,0
DA:57,0
DA:58,0
DA:60,0
DA:64,0
DA:66,0
DA:68,0
DA:69,0
DA:70,0
DA:72,0
DA:73,0
DA:76,0
DA:77,0
DA:81,0
DA:84,0
DA:85,0
DA:86,0
DA:89,0
DA:91,0
DA:107,0
DA:109,0
DA:113,0
DA:125,0
DA:127,0
DA:131,0
DA:138,0
DA:148,0
LF:42
LH:0
BRDA:36,0,0,0
BRDA:36,0,1,0
BRDA:55,1,0,0
BRDA:55,1,1,0
BRDA:66,2,0,0
BRDA:66,2,1,0
BRDA:68,3,0,0
BRDA:68,3,1,0
BRDA:89,4,0,0
BRDA:89,4,1,0
BRDA:140,5,0,0
BRDA:140,5,1,0
BRF:12
BRH:0
end_of_record
TN:
SF:src/screens/UserIdentification.tsx
FN:11,(anonymous_0)
FN:19,hadleInputBlur
FN:24,hadleInputFocus
FN:28,handleInputChange
FN:33,hadleConfirmation
FNF:5
FNH:1
FNDA:2,(anonymous_0)
FNDA:0,hadleInputBlur
FNDA:0,hadleInputFocus
FNDA:0,handleInputChange
FNDA:0,hadleConfirmation
DA:11,1
DA:12,2
DA:14,2
DA:15,2
DA:16,2
DA:20,0
DA:21,0
DA:25,0
DA:29,0
DA:30,0
DA:34,0
DA:36,0
DA:38,0
DA:39,0
DA:49,2
DA:91,1
LF:16
LH:7
BRDA:34,0,0,0
BRDA:34,0,1,0
BRDA:36,1,0,0
BRDA:36,1,1,0
BRDA:53,2,0,2
BRDA:53,2,1,0
BRDA:60,3,0,0
BRDA:60,3,1,2
BRDA:71,4,0,2
BRDA:71,4,1,2
BRDA:71,4,2,0
BRDA:81,5,0,2
BRDA:81,5,1,0
BRF:13
BRH:5
end_of_record
TN:
SF:src/screens/Welcome.tsx
FN:9,(anonymous_0)
FN:12,hadleStart
FNF:2
FNH:0
FNDA:0,(anonymous_0)
FNDA:0,hadleStart
DA:9,0
DA:10,0
DA:13,0
DA:16,0
DA:41,0
LF:5
LH:0
BRF:0
BRH:0
end_of_record
TN:
SF:src/utils/providers-tests.tsx
FN:9,(anonymous_0)
FNF:1
FNH:0
FNDA:0,(anonymous_0)
DA:9,0
DA:10,0
LF:2
LH:0
BRF:0
BRH:0
end_of_record
